2017-02-16 17:12:45,074 - Log4JLogChute initialized using file 'velocity.log'
2017-02-16 17:12:45,074 - Initializing Velocity, Calling init()...
2017-02-16 17:12:45,074 - Starting Apache Velocity v1.7 (compiled: 2010-11-19 12:14:37)
2017-02-16 17:12:45,074 - Default Properties File: org\apache\velocity\runtime\defaults\velocity.properties
2017-02-16 17:12:45,074 - Trying to use logger class org.apache.velocity.runtime.log.AvalonLogChute
2017-02-16 17:12:45,074 - Target log system for org.apache.velocity.runtime.log.AvalonLogChute is not available (java.lang.NoClassDefFoundError: org/apache/log/format/Formatter).  Falling back to next log system...
2017-02-16 17:12:45,074 - Trying to use logger class org.apache.velocity.runtime.log.Log4JLogChute
2017-02-16 17:12:45,074 - Using logger class org.apache.velocity.runtime.log.Log4JLogChute
2017-02-16 17:12:45,077 - ResourceLoader instantiated: org.apache.velocity.runtime.resource.loader.ClasspathResourceLoader
2017-02-16 17:12:45,086 - ResourceCache: initialized (class org.apache.velocity.runtime.resource.ResourceCacheImpl) with class java.util.Collections$SynchronizedMap cache map.
2017-02-16 17:12:45,087 - Loaded System Directive: org.apache.velocity.runtime.directive.Stop
2017-02-16 17:12:45,088 - Loaded System Directive: org.apache.velocity.runtime.directive.Define
2017-02-16 17:12:45,088 - Loaded System Directive: org.apache.velocity.runtime.directive.Break
2017-02-16 17:12:45,089 - Loaded System Directive: org.apache.velocity.runtime.directive.Evaluate
2017-02-16 17:12:45,089 - Loaded System Directive: org.apache.velocity.runtime.directive.Literal
2017-02-16 17:12:45,090 - Loaded System Directive: org.apache.velocity.runtime.directive.Macro
2017-02-16 17:12:45,091 - Loaded System Directive: org.apache.velocity.runtime.directive.Parse
2017-02-16 17:12:45,092 - Loaded System Directive: org.apache.velocity.runtime.directive.Include
2017-02-16 17:12:45,092 - Loaded System Directive: org.apache.velocity.runtime.directive.Foreach
2017-02-16 17:12:45,116 - Created '20' parsers.
2017-02-16 17:12:45,120 - Velocimacro : "velocimacro.library" is not set.  Trying default library: VM_global_library.vm
2017-02-16 17:12:45,120 - Could not load resource 'VM_global_library.vm' from ResourceLoader org.apache.velocity.runtime.resource.loader.ClasspathResourceLoader: ClasspathResourceLoader Error: cannot find resource VM_global_library.vm
2017-02-16 17:12:45,120 - Velocimacro : Default library not found.
2017-02-16 17:12:45,120 - Velocimacro : allowInline = true : VMs can be defined inline in templates
2017-02-16 17:12:45,120 - Velocimacro : allowInlineToOverride = false : VMs defined inline may NOT replace previous VM definitions
2017-02-16 17:12:45,120 - Velocimacro : allowInlineLocal = false : VMs defined inline will be global in scope if allowed.
2017-02-16 17:12:45,120 - Velocimacro : autoload off : VM system will not automatically reload global library macros
2017-02-16 17:12:45,121 - ResourceManager : unable to find resource 'codeTpl/dao.vm' in any resource loader.
2017-02-16 17:15:16,391 - Log4JLogChute initialized using file 'velocity.log'
2017-02-16 17:15:16,392 - Initializing Velocity, Calling init()...
2017-02-16 17:15:16,392 - Starting Apache Velocity v1.7 (compiled: 2010-11-19 12:14:37)
2017-02-16 17:15:16,392 - Default Properties File: org\apache\velocity\runtime\defaults\velocity.properties
2017-02-16 17:15:16,392 - Trying to use logger class org.apache.velocity.runtime.log.AvalonLogChute
2017-02-16 17:15:16,392 - Target log system for org.apache.velocity.runtime.log.AvalonLogChute is not available (java.lang.NoClassDefFoundError: org/apache/log/format/Formatter).  Falling back to next log system...
2017-02-16 17:15:16,392 - Trying to use logger class org.apache.velocity.runtime.log.Log4JLogChute
2017-02-16 17:15:16,392 - Using logger class org.apache.velocity.runtime.log.Log4JLogChute
2017-02-16 17:15:16,395 - ResourceLoader instantiated: org.apache.velocity.runtime.resource.loader.ClasspathResourceLoader
2017-02-16 17:15:16,405 - ResourceCache: initialized (class org.apache.velocity.runtime.resource.ResourceCacheImpl) with class java.util.Collections$SynchronizedMap cache map.
2017-02-16 17:15:16,406 - Loaded System Directive: org.apache.velocity.runtime.directive.Stop
2017-02-16 17:15:16,407 - Loaded System Directive: org.apache.velocity.runtime.directive.Define
2017-02-16 17:15:16,408 - Loaded System Directive: org.apache.velocity.runtime.directive.Break
2017-02-16 17:15:16,408 - Loaded System Directive: org.apache.velocity.runtime.directive.Evaluate
2017-02-16 17:15:16,408 - Loaded System Directive: org.apache.velocity.runtime.directive.Literal
2017-02-16 17:15:16,409 - Loaded System Directive: org.apache.velocity.runtime.directive.Macro
2017-02-16 17:15:16,410 - Loaded System Directive: org.apache.velocity.runtime.directive.Parse
2017-02-16 17:15:16,411 - Loaded System Directive: org.apache.velocity.runtime.directive.Include
2017-02-16 17:15:16,411 - Loaded System Directive: org.apache.velocity.runtime.directive.Foreach
2017-02-16 17:15:16,433 - Created '20' parsers.
2017-02-16 17:15:16,436 - Velocimacro : "velocimacro.library" is not set.  Trying default library: VM_global_library.vm
2017-02-16 17:15:16,437 - Could not load resource 'VM_global_library.vm' from ResourceLoader org.apache.velocity.runtime.resource.loader.ClasspathResourceLoader: ClasspathResourceLoader Error: cannot find resource VM_global_library.vm
2017-02-16 17:15:16,437 - Velocimacro : Default library not found.
2017-02-16 17:15:16,437 - Velocimacro : allowInline = true : VMs can be defined inline in templates
2017-02-16 17:15:16,437 - Velocimacro : allowInlineToOverride = false : VMs defined inline may NOT replace previous VM definitions
2017-02-16 17:15:16,437 - Velocimacro : allowInlineLocal = false : VMs defined inline will be global in scope if allowed.
2017-02-16 17:15:16,437 - Velocimacro : autoload off : VM system will not automatically reload global library macros
2017-02-16 17:15:16,445 - ResourceManager : found codeTpl/dao.vm with loader org.apache.velocity.runtime.resource.loader.ClasspathResourceLoader
2017-02-16 17:15:16,457 - ResourceManager : found codeTpl/daoImpl.vm with loader org.apache.velocity.runtime.resource.loader.ClasspathResourceLoader
2017-02-16 17:15:16,458 - ResourceManager : found codeTpl/Service.vm with loader org.apache.velocity.runtime.resource.loader.ClasspathResourceLoader
2017-02-16 17:15:16,460 - ResourceManager : found codeTpl/ServiceImpl.vm with loader org.apache.velocity.runtime.resource.loader.ClasspathResourceLoader
2017-02-16 17:17:18,845 - Log4JLogChute initialized using file 'velocity.log'
2017-02-16 17:17:18,845 - Initializing Velocity, Calling init()...
2017-02-16 17:17:18,845 - Starting Apache Velocity v1.7 (compiled: 2010-11-19 12:14:37)
2017-02-16 17:17:18,845 - Default Properties File: org\apache\velocity\runtime\defaults\velocity.properties
2017-02-16 17:17:18,845 - Trying to use logger class org.apache.velocity.runtime.log.AvalonLogChute
2017-02-16 17:17:18,845 - Target log system for org.apache.velocity.runtime.log.AvalonLogChute is not available (java.lang.NoClassDefFoundError: org/apache/log/format/Formatter).  Falling back to next log system...
2017-02-16 17:17:18,845 - Trying to use logger class org.apache.velocity.runtime.log.Log4JLogChute
2017-02-16 17:17:18,845 - Using logger class org.apache.velocity.runtime.log.Log4JLogChute
2017-02-16 17:17:18,847 - ResourceLoader instantiated: org.apache.velocity.runtime.resource.loader.ClasspathResourceLoader
2017-02-16 17:17:18,860 - ResourceCache: initialized (class org.apache.velocity.runtime.resource.ResourceCacheImpl) with class java.util.Collections$SynchronizedMap cache map.
2017-02-16 17:17:18,861 - Loaded System Directive: org.apache.velocity.runtime.directive.Stop
2017-02-16 17:17:18,861 - Loaded System Directive: org.apache.velocity.runtime.directive.Define
2017-02-16 17:17:18,862 - Loaded System Directive: org.apache.velocity.runtime.directive.Break
2017-02-16 17:17:18,862 - Loaded System Directive: org.apache.velocity.runtime.directive.Evaluate
2017-02-16 17:17:18,863 - Loaded System Directive: org.apache.velocity.runtime.directive.Literal
2017-02-16 17:17:18,863 - Loaded System Directive: org.apache.velocity.runtime.directive.Macro
2017-02-16 17:17:18,864 - Loaded System Directive: org.apache.velocity.runtime.directive.Parse
2017-02-16 17:17:18,865 - Loaded System Directive: org.apache.velocity.runtime.directive.Include
2017-02-16 17:17:18,865 - Loaded System Directive: org.apache.velocity.runtime.directive.Foreach
2017-02-16 17:17:18,890 - Created '20' parsers.
2017-02-16 17:17:18,894 - Velocimacro : "velocimacro.library" is not set.  Trying default library: VM_global_library.vm
2017-02-16 17:17:18,894 - Could not load resource 'VM_global_library.vm' from ResourceLoader org.apache.velocity.runtime.resource.loader.ClasspathResourceLoader: ClasspathResourceLoader Error: cannot find resource VM_global_library.vm
2017-02-16 17:17:18,894 - Velocimacro : Default library not found.
2017-02-16 17:17:18,894 - Velocimacro : allowInline = true : VMs can be defined inline in templates
2017-02-16 17:17:18,894 - Velocimacro : allowInlineToOverride = false : VMs defined inline may NOT replace previous VM definitions
2017-02-16 17:17:18,894 - Velocimacro : allowInlineLocal = false : VMs defined inline will be global in scope if allowed.
2017-02-16 17:17:18,894 - Velocimacro : autoload off : VM system will not automatically reload global library macros
2017-02-16 17:17:18,900 - ResourceManager : found codeTpl/dao.vm with loader org.apache.velocity.runtime.resource.loader.ClasspathResourceLoader
2017-02-16 17:17:18,911 - ResourceManager : found codeTpl/daoImpl.vm with loader org.apache.velocity.runtime.resource.loader.ClasspathResourceLoader
2017-02-16 17:17:18,912 - ResourceManager : found codeTpl/Service.vm with loader org.apache.velocity.runtime.resource.loader.ClasspathResourceLoader
2017-02-16 17:17:18,913 - ResourceManager : found codeTpl/ServiceImpl.vm with loader org.apache.velocity.runtime.resource.loader.ClasspathResourceLoader
2017-02-16 17:25:53,369 - Log4JLogChute initialized using file 'velocity.log'
2017-02-16 17:25:53,372 - Initializing Velocity, Calling init()...
2017-02-16 17:25:53,372 - Starting Apache Velocity v1.7 (compiled: 2010-11-19 12:14:37)
2017-02-16 17:25:53,372 - Default Properties File: org\apache\velocity\runtime\defaults\velocity.properties
2017-02-16 17:25:53,372 - Trying to use logger class org.apache.velocity.runtime.log.AvalonLogChute
2017-02-16 17:25:53,372 - Target log system for org.apache.velocity.runtime.log.AvalonLogChute is not available (java.lang.NoClassDefFoundError: org/apache/log/format/Formatter).  Falling back to next log system...
2017-02-16 17:25:53,372 - Trying to use logger class org.apache.velocity.runtime.log.Log4JLogChute
2017-02-16 17:25:53,372 - Using logger class org.apache.velocity.runtime.log.Log4JLogChute
2017-02-16 17:25:53,376 - ResourceLoader instantiated: org.apache.velocity.runtime.resource.loader.ClasspathResourceLoader
2017-02-16 17:25:53,389 - ResourceCache: initialized (class org.apache.velocity.runtime.resource.ResourceCacheImpl) with class java.util.Collections$SynchronizedMap cache map.
2017-02-16 17:25:53,390 - Loaded System Directive: org.apache.velocity.runtime.directive.Stop
2017-02-16 17:25:53,391 - Loaded System Directive: org.apache.velocity.runtime.directive.Define
2017-02-16 17:25:53,392 - Loaded System Directive: org.apache.velocity.runtime.directive.Break
2017-02-16 17:25:53,393 - Loaded System Directive: org.apache.velocity.runtime.directive.Evaluate
2017-02-16 17:25:53,393 - Loaded System Directive: org.apache.velocity.runtime.directive.Literal
2017-02-16 17:25:53,394 - Loaded System Directive: org.apache.velocity.runtime.directive.Macro
2017-02-16 17:25:53,395 - Loaded System Directive: org.apache.velocity.runtime.directive.Parse
2017-02-16 17:25:53,396 - Loaded System Directive: org.apache.velocity.runtime.directive.Include
2017-02-16 17:25:53,397 - Loaded System Directive: org.apache.velocity.runtime.directive.Foreach
2017-02-16 17:25:53,430 - Created '20' parsers.
2017-02-16 17:25:53,434 - Velocimacro : "velocimacro.library" is not set.  Trying default library: VM_global_library.vm
2017-02-16 17:25:53,434 - Could not load resource 'VM_global_library.vm' from ResourceLoader org.apache.velocity.runtime.resource.loader.ClasspathResourceLoader: ClasspathResourceLoader Error: cannot find resource VM_global_library.vm
2017-02-16 17:25:53,434 - Velocimacro : Default library not found.
2017-02-16 17:25:53,434 - Velocimacro : allowInline = true : VMs can be defined inline in templates
2017-02-16 17:25:53,434 - Velocimacro : allowInlineToOverride = false : VMs defined inline may NOT replace previous VM definitions
2017-02-16 17:25:53,434 - Velocimacro : allowInlineLocal = false : VMs defined inline will be global in scope if allowed.
2017-02-16 17:25:53,434 - Velocimacro : autoload off : VM system will not automatically reload global library macros
2017-02-16 17:25:53,441 - ResourceManager : found codeTpl/dao.vm with loader org.apache.velocity.runtime.resource.loader.ClasspathResourceLoader
2017-02-16 17:25:53,457 - ResourceManager : found codeTpl/daoImpl.vm with loader org.apache.velocity.runtime.resource.loader.ClasspathResourceLoader
2017-02-16 17:25:53,459 - ResourceManager : found codeTpl/Service.vm with loader org.apache.velocity.runtime.resource.loader.ClasspathResourceLoader
2017-02-16 17:25:53,461 - ResourceManager : found codeTpl/ServiceImpl.vm with loader org.apache.velocity.runtime.resource.loader.ClasspathResourceLoader
2017-02-17 18:06:44,551 - Log4JLogChute initialized using file 'velocity.log'
2017-02-17 18:06:44,552 - Initializing Velocity, Calling init()...
2017-02-17 18:06:44,552 - Starting Apache Velocity v1.7 (compiled: 2010-11-19 12:14:37)
2017-02-17 18:06:44,552 - Default Properties File: org\apache\velocity\runtime\defaults\velocity.properties
2017-02-17 18:06:44,552 - Trying to use logger class org.apache.velocity.runtime.log.AvalonLogChute
2017-02-17 18:06:44,552 - Target log system for org.apache.velocity.runtime.log.AvalonLogChute is not available (java.lang.NoClassDefFoundError: org/apache/log/format/Formatter).  Falling back to next log system...
2017-02-17 18:06:44,552 - Trying to use logger class org.apache.velocity.runtime.log.Log4JLogChute
2017-02-17 18:06:44,552 - Using logger class org.apache.velocity.runtime.log.Log4JLogChute
2017-02-17 18:06:44,554 - ResourceLoader instantiated: org.apache.velocity.runtime.resource.loader.ClasspathResourceLoader
2017-02-17 18:06:44,562 - ResourceCache: initialized (class org.apache.velocity.runtime.resource.ResourceCacheImpl) with class java.util.Collections$SynchronizedMap cache map.
2017-02-17 18:06:44,563 - Loaded System Directive: org.apache.velocity.runtime.directive.Stop
2017-02-17 18:06:44,564 - Loaded System Directive: org.apache.velocity.runtime.directive.Define
2017-02-17 18:06:44,564 - Loaded System Directive: org.apache.velocity.runtime.directive.Break
2017-02-17 18:06:44,564 - Loaded System Directive: org.apache.velocity.runtime.directive.Evaluate
2017-02-17 18:06:44,565 - Loaded System Directive: org.apache.velocity.runtime.directive.Literal
2017-02-17 18:06:44,565 - Loaded System Directive: org.apache.velocity.runtime.directive.Macro
2017-02-17 18:06:44,566 - Loaded System Directive: org.apache.velocity.runtime.directive.Parse
2017-02-17 18:06:44,567 - Loaded System Directive: org.apache.velocity.runtime.directive.Include
2017-02-17 18:06:44,568 - Loaded System Directive: org.apache.velocity.runtime.directive.Foreach
2017-02-17 18:06:44,588 - Created '20' parsers.
2017-02-17 18:06:44,593 - Velocimacro : "velocimacro.library" is not set.  Trying default library: VM_global_library.vm
2017-02-17 18:06:44,593 - Could not load resource 'VM_global_library.vm' from ResourceLoader org.apache.velocity.runtime.resource.loader.ClasspathResourceLoader: ClasspathResourceLoader Error: cannot find resource VM_global_library.vm
2017-02-17 18:06:44,593 - Velocimacro : Default library not found.
2017-02-17 18:06:44,593 - Velocimacro : allowInline = true : VMs can be defined inline in templates
2017-02-17 18:06:44,593 - Velocimacro : allowInlineToOverride = false : VMs defined inline may NOT replace previous VM definitions
2017-02-17 18:06:44,593 - Velocimacro : allowInlineLocal = false : VMs defined inline will be global in scope if allowed.
2017-02-17 18:06:44,593 - Velocimacro : autoload off : VM system will not automatically reload global library macros
2017-02-17 18:06:44,599 - ResourceManager : found codeTpl/dao.vm with loader org.apache.velocity.runtime.resource.loader.ClasspathResourceLoader
2017-02-17 18:06:44,611 - ResourceManager : found codeTpl/daoImpl.vm with loader org.apache.velocity.runtime.resource.loader.ClasspathResourceLoader
2017-02-17 18:06:44,613 - ResourceManager : found codeTpl/Service.vm with loader org.apache.velocity.runtime.resource.loader.ClasspathResourceLoader
2017-02-17 18:06:44,614 - ResourceManager : found codeTpl/ServiceImpl.vm with loader org.apache.velocity.runtime.resource.loader.ClasspathResourceLoader
2017-02-17 18:07:01,000 - Log4JLogChute initialized using file 'velocity.log'
2017-02-17 18:07:01,000 - Initializing Velocity, Calling init()...
2017-02-17 18:07:01,000 - Starting Apache Velocity v1.7 (compiled: 2010-11-19 12:14:37)
2017-02-17 18:07:01,001 - Default Properties File: org\apache\velocity\runtime\defaults\velocity.properties
2017-02-17 18:07:01,001 - Trying to use logger class org.apache.velocity.runtime.log.AvalonLogChute
2017-02-17 18:07:01,001 - Target log system for org.apache.velocity.runtime.log.AvalonLogChute is not available (java.lang.NoClassDefFoundError: org/apache/log/format/Formatter).  Falling back to next log system...
2017-02-17 18:07:01,001 - Trying to use logger class org.apache.velocity.runtime.log.Log4JLogChute
2017-02-17 18:07:01,001 - Using logger class org.apache.velocity.runtime.log.Log4JLogChute
2017-02-17 18:07:01,003 - ResourceLoader instantiated: org.apache.velocity.runtime.resource.loader.ClasspathResourceLoader
2017-02-17 18:07:01,013 - ResourceCache: initialized (class org.apache.velocity.runtime.resource.ResourceCacheImpl) with class java.util.Collections$SynchronizedMap cache map.
2017-02-17 18:07:01,014 - Loaded System Directive: org.apache.velocity.runtime.directive.Stop
2017-02-17 18:07:01,015 - Loaded System Directive: org.apache.velocity.runtime.directive.Define
2017-02-17 18:07:01,015 - Loaded System Directive: org.apache.velocity.runtime.directive.Break
2017-02-17 18:07:01,016 - Loaded System Directive: org.apache.velocity.runtime.directive.Evaluate
2017-02-17 18:07:01,016 - Loaded System Directive: org.apache.velocity.runtime.directive.Literal
2017-02-17 18:07:01,017 - Loaded System Directive: org.apache.velocity.runtime.directive.Macro
2017-02-17 18:07:01,017 - Loaded System Directive: org.apache.velocity.runtime.directive.Parse
2017-02-17 18:07:01,018 - Loaded System Directive: org.apache.velocity.runtime.directive.Include
2017-02-17 18:07:01,019 - Loaded System Directive: org.apache.velocity.runtime.directive.Foreach
2017-02-17 18:07:01,044 - Created '20' parsers.
2017-02-17 18:07:01,047 - Velocimacro : "velocimacro.library" is not set.  Trying default library: VM_global_library.vm
2017-02-17 18:07:01,048 - Could not load resource 'VM_global_library.vm' from ResourceLoader org.apache.velocity.runtime.resource.loader.ClasspathResourceLoader: ClasspathResourceLoader Error: cannot find resource VM_global_library.vm
2017-02-17 18:07:01,048 - Velocimacro : Default library not found.
2017-02-17 18:07:01,048 - Velocimacro : allowInline = true : VMs can be defined inline in templates
2017-02-17 18:07:01,048 - Velocimacro : allowInlineToOverride = false : VMs defined inline may NOT replace previous VM definitions
2017-02-17 18:07:01,048 - Velocimacro : allowInlineLocal = false : VMs defined inline will be global in scope if allowed.
2017-02-17 18:07:01,048 - Velocimacro : autoload off : VM system will not automatically reload global library macros
2017-02-17 18:07:01,054 - ResourceManager : found codeTpl/dao.vm with loader org.apache.velocity.runtime.resource.loader.ClasspathResourceLoader
2017-02-17 18:07:01,063 - ResourceManager : found codeTpl/daoImpl.vm with loader org.apache.velocity.runtime.resource.loader.ClasspathResourceLoader
2017-02-17 18:07:01,065 - ResourceManager : found codeTpl/Service.vm with loader org.apache.velocity.runtime.resource.loader.ClasspathResourceLoader
2017-02-17 18:07:01,066 - ResourceManager : found codeTpl/ServiceImpl.vm with loader org.apache.velocity.runtime.resource.loader.ClasspathResourceLoader
2017-02-17 18:07:26,573 - Log4JLogChute initialized using file 'velocity.log'
2017-02-17 18:07:26,573 - Initializing Velocity, Calling init()...
2017-02-17 18:07:26,573 - Starting Apache Velocity v1.7 (compiled: 2010-11-19 12:14:37)
2017-02-17 18:07:26,573 - Default Properties File: org\apache\velocity\runtime\defaults\velocity.properties
2017-02-17 18:07:26,573 - Trying to use logger class org.apache.velocity.runtime.log.AvalonLogChute
2017-02-17 18:07:26,573 - Target log system for org.apache.velocity.runtime.log.AvalonLogChute is not available (java.lang.NoClassDefFoundError: org/apache/log/format/Formatter).  Falling back to next log system...
2017-02-17 18:07:26,573 - Trying to use logger class org.apache.velocity.runtime.log.Log4JLogChute
2017-02-17 18:07:26,573 - Using logger class org.apache.velocity.runtime.log.Log4JLogChute
2017-02-17 18:07:26,575 - ResourceLoader instantiated: org.apache.velocity.runtime.resource.loader.ClasspathResourceLoader
2017-02-17 18:07:26,583 - ResourceCache: initialized (class org.apache.velocity.runtime.resource.ResourceCacheImpl) with class java.util.Collections$SynchronizedMap cache map.
2017-02-17 18:07:26,584 - Loaded System Directive: org.apache.velocity.runtime.directive.Stop
2017-02-17 18:07:26,585 - Loaded System Directive: org.apache.velocity.runtime.directive.Define
2017-02-17 18:07:26,585 - Loaded System Directive: org.apache.velocity.runtime.directive.Break
2017-02-17 18:07:26,586 - Loaded System Directive: org.apache.velocity.runtime.directive.Evaluate
2017-02-17 18:07:26,586 - Loaded System Directive: org.apache.velocity.runtime.directive.Literal
2017-02-17 18:07:26,587 - Loaded System Directive: org.apache.velocity.runtime.directive.Macro
2017-02-17 18:07:26,588 - Loaded System Directive: org.apache.velocity.runtime.directive.Parse
2017-02-17 18:07:26,588 - Loaded System Directive: org.apache.velocity.runtime.directive.Include
2017-02-17 18:07:26,589 - Loaded System Directive: org.apache.velocity.runtime.directive.Foreach
2017-02-17 18:07:26,610 - Created '20' parsers.
2017-02-17 18:07:26,613 - Velocimacro : "velocimacro.library" is not set.  Trying default library: VM_global_library.vm
2017-02-17 18:07:26,614 - Could not load resource 'VM_global_library.vm' from ResourceLoader org.apache.velocity.runtime.resource.loader.ClasspathResourceLoader: ClasspathResourceLoader Error: cannot find resource VM_global_library.vm
2017-02-17 18:07:26,614 - Velocimacro : Default library not found.
2017-02-17 18:07:26,614 - Velocimacro : allowInline = true : VMs can be defined inline in templates
2017-02-17 18:07:26,614 - Velocimacro : allowInlineToOverride = false : VMs defined inline may NOT replace previous VM definitions
2017-02-17 18:07:26,614 - Velocimacro : allowInlineLocal = false : VMs defined inline will be global in scope if allowed.
2017-02-17 18:07:26,614 - Velocimacro : autoload off : VM system will not automatically reload global library macros
2017-02-17 18:07:26,620 - ResourceManager : found codeTpl/dao.vm with loader org.apache.velocity.runtime.resource.loader.ClasspathResourceLoader
2017-02-17 18:07:26,631 - ResourceManager : found codeTpl/daoImpl.vm with loader org.apache.velocity.runtime.resource.loader.ClasspathResourceLoader
2017-02-17 18:07:26,632 - ResourceManager : found codeTpl/Service.vm with loader org.apache.velocity.runtime.resource.loader.ClasspathResourceLoader
2017-02-17 18:07:26,634 - ResourceManager : found codeTpl/ServiceImpl.vm with loader org.apache.velocity.runtime.resource.loader.ClasspathResourceLoader
2017-02-17 18:08:23,987 - Log4JLogChute initialized using file 'velocity.log'
2017-02-17 18:08:23,988 - Initializing Velocity, Calling init()...
2017-02-17 18:08:23,988 - Starting Apache Velocity v1.7 (compiled: 2010-11-19 12:14:37)
2017-02-17 18:08:23,988 - Default Properties File: org\apache\velocity\runtime\defaults\velocity.properties
2017-02-17 18:08:23,988 - Trying to use logger class org.apache.velocity.runtime.log.AvalonLogChute
2017-02-17 18:08:23,988 - Target log system for org.apache.velocity.runtime.log.AvalonLogChute is not available (java.lang.NoClassDefFoundError: org/apache/log/format/Formatter).  Falling back to next log system...
2017-02-17 18:08:23,988 - Trying to use logger class org.apache.velocity.runtime.log.Log4JLogChute
2017-02-17 18:08:23,988 - Using logger class org.apache.velocity.runtime.log.Log4JLogChute
2017-02-17 18:08:23,990 - ResourceLoader instantiated: org.apache.velocity.runtime.resource.loader.ClasspathResourceLoader
2017-02-17 18:08:23,998 - ResourceCache: initialized (class org.apache.velocity.runtime.resource.ResourceCacheImpl) with class java.util.Collections$SynchronizedMap cache map.
2017-02-17 18:08:23,999 - Loaded System Directive: org.apache.velocity.runtime.directive.Stop
2017-02-17 18:08:23,999 - Loaded System Directive: org.apache.velocity.runtime.directive.Define
2017-02-17 18:08:24,000 - Loaded System Directive: org.apache.velocity.runtime.directive.Break
2017-02-17 18:08:24,000 - Loaded System Directive: org.apache.velocity.runtime.directive.Evaluate
2017-02-17 18:08:24,001 - Loaded System Directive: org.apache.velocity.runtime.directive.Literal
2017-02-17 18:08:24,001 - Loaded System Directive: org.apache.velocity.runtime.directive.Macro
2017-02-17 18:08:24,002 - Loaded System Directive: org.apache.velocity.runtime.directive.Parse
2017-02-17 18:08:24,003 - Loaded System Directive: org.apache.velocity.runtime.directive.Include
2017-02-17 18:08:24,003 - Loaded System Directive: org.apache.velocity.runtime.directive.Foreach
2017-02-17 18:08:24,025 - Created '20' parsers.
2017-02-17 18:08:24,028 - Velocimacro : "velocimacro.library" is not set.  Trying default library: VM_global_library.vm
2017-02-17 18:08:24,028 - Could not load resource 'VM_global_library.vm' from ResourceLoader org.apache.velocity.runtime.resource.loader.ClasspathResourceLoader: ClasspathResourceLoader Error: cannot find resource VM_global_library.vm
2017-02-17 18:08:24,028 - Velocimacro : Default library not found.
2017-02-17 18:08:24,028 - Velocimacro : allowInline = true : VMs can be defined inline in templates
2017-02-17 18:08:24,029 - Velocimacro : allowInlineToOverride = false : VMs defined inline may NOT replace previous VM definitions
2017-02-17 18:08:24,029 - Velocimacro : allowInlineLocal = false : VMs defined inline will be global in scope if allowed.
2017-02-17 18:08:24,029 - Velocimacro : autoload off : VM system will not automatically reload global library macros
2017-02-17 18:08:24,034 - ResourceManager : found codeTpl/dao.vm with loader org.apache.velocity.runtime.resource.loader.ClasspathResourceLoader
2017-02-17 18:08:24,046 - ResourceManager : found codeTpl/daoImpl.vm with loader org.apache.velocity.runtime.resource.loader.ClasspathResourceLoader
2017-02-17 18:08:24,047 - ResourceManager : found codeTpl/Service.vm with loader org.apache.velocity.runtime.resource.loader.ClasspathResourceLoader
2017-02-17 18:08:24,048 - ResourceManager : found codeTpl/ServiceImpl.vm with loader org.apache.velocity.runtime.resource.loader.ClasspathResourceLoader
2017-02-17 18:08:41,833 - Log4JLogChute initialized using file 'velocity.log'
2017-02-17 18:08:41,834 - Initializing Velocity, Calling init()...
2017-02-17 18:08:41,834 - Starting Apache Velocity v1.7 (compiled: 2010-11-19 12:14:37)
2017-02-17 18:08:41,834 - Default Properties File: org\apache\velocity\runtime\defaults\velocity.properties
2017-02-17 18:08:41,834 - Trying to use logger class org.apache.velocity.runtime.log.AvalonLogChute
2017-02-17 18:08:41,834 - Target log system for org.apache.velocity.runtime.log.AvalonLogChute is not available (java.lang.NoClassDefFoundError: org/apache/log/format/Formatter).  Falling back to next log system...
2017-02-17 18:08:41,834 - Trying to use logger class org.apache.velocity.runtime.log.Log4JLogChute
2017-02-17 18:08:41,834 - Using logger class org.apache.velocity.runtime.log.Log4JLogChute
2017-02-17 18:08:41,836 - ResourceLoader instantiated: org.apache.velocity.runtime.resource.loader.ClasspathResourceLoader
2017-02-17 18:08:41,845 - ResourceCache: initialized (class org.apache.velocity.runtime.resource.ResourceCacheImpl) with class java.util.Collections$SynchronizedMap cache map.
2017-02-17 18:08:41,846 - Loaded System Directive: org.apache.velocity.runtime.directive.Stop
2017-02-17 18:08:41,846 - Loaded System Directive: org.apache.velocity.runtime.directive.Define
2017-02-17 18:08:41,847 - Loaded System Directive: org.apache.velocity.runtime.directive.Break
2017-02-17 18:08:41,847 - Loaded System Directive: org.apache.velocity.runtime.directive.Evaluate
2017-02-17 18:08:41,848 - Loaded System Directive: org.apache.velocity.runtime.directive.Literal
2017-02-17 18:08:41,848 - Loaded System Directive: org.apache.velocity.runtime.directive.Macro
2017-02-17 18:08:41,849 - Loaded System Directive: org.apache.velocity.runtime.directive.Parse
2017-02-17 18:08:41,850 - Loaded System Directive: org.apache.velocity.runtime.directive.Include
2017-02-17 18:08:41,851 - Loaded System Directive: org.apache.velocity.runtime.directive.Foreach
2017-02-17 18:08:41,874 - Created '20' parsers.
2017-02-17 18:08:41,878 - Velocimacro : "velocimacro.library" is not set.  Trying default library: VM_global_library.vm
2017-02-17 18:08:41,878 - Could not load resource 'VM_global_library.vm' from ResourceLoader org.apache.velocity.runtime.resource.loader.ClasspathResourceLoader: ClasspathResourceLoader Error: cannot find resource VM_global_library.vm
2017-02-17 18:08:41,878 - Velocimacro : Default library not found.
2017-02-17 18:08:41,878 - Velocimacro : allowInline = true : VMs can be defined inline in templates
2017-02-17 18:08:41,878 - Velocimacro : allowInlineToOverride = false : VMs defined inline may NOT replace previous VM definitions
2017-02-17 18:08:41,878 - Velocimacro : allowInlineLocal = false : VMs defined inline will be global in scope if allowed.
2017-02-17 18:08:41,878 - Velocimacro : autoload off : VM system will not automatically reload global library macros
2017-02-17 18:08:41,884 - ResourceManager : found codeTpl/dao.vm with loader org.apache.velocity.runtime.resource.loader.ClasspathResourceLoader
2017-02-17 18:08:41,894 - ResourceManager : found codeTpl/daoImpl.vm with loader org.apache.velocity.runtime.resource.loader.ClasspathResourceLoader
2017-02-17 18:08:41,895 - ResourceManager : found codeTpl/Service.vm with loader org.apache.velocity.runtime.resource.loader.ClasspathResourceLoader
2017-02-17 18:08:41,896 - ResourceManager : found codeTpl/ServiceImpl.vm with loader org.apache.velocity.runtime.resource.loader.ClasspathResourceLoader
